<?xml version="1.0" encoding="UTF-8"?>
<testsuite name="ohtu.matkakortti.KassapaateTest" tests="4" skipped="0" failures="0" errors="0" timestamp="2020-11-21T13:51:28" hostname="Joels-MacBook-Pro.local" time="0.582">
  <properties/>
  <testcase name="korttiaEiLadaJosLadattavaSummaOnNegatiivinen" classname="ohtu.matkakortti.KassapaateTest" time="0.56"/>
  <testcase name="kortiltaVelotetaanHintaJosRahaaOn" classname="ohtu.matkakortti.KassapaateTest" time="0.019"/>
  <testcase name="korttiLadataanJosLadattavaSummaOnPositiivinen" classname="ohtu.matkakortti.KassapaateTest" time="0.001"/>
  <testcase name="kortiltaEiVelotetaJosRahaEiRiita" classname="ohtu.matkakortti.KassapaateTest" time="0.001"/>
  <system-out><![CDATA[]]></system-out>
  <system-err><![CDATA[]]></system-err>
</testsuite>
