<?xml version="1.0" encoding="UTF-8"?>
<testsuite name="ohtu.verkkokauppa.KauppaTest" tests="8" skipped="0" failures="0" errors="0" timestamp="2020-11-21T19:19:44" hostname="Joels-MacBook-Pro.local" time="0.99">
  <properties/>
  <testcase name="koristaPostaminenPostaaTuotteen" classname="ohtu.verkkokauppa.KauppaTest" time="0.956"/>
  <testcase name="ostoksenPaaytyttyaPankinMetodiaTilisiirtoKutsutaan" classname="ohtu.verkkokauppa.KauppaTest" time="0.009"/>
  <testcase name="ostoksenPaaytyttyaPankinMetodiaTilisiirtoKutsutaanOikeillaArvoillaKunTuotteetOvatSamat" classname="ohtu.verkkokauppa.KauppaTest" time="0.004"/>
  <testcase name="ostoksenPaaytyttyaPankinMetodiaTilisiirtoKutsutaanOikeillaArvoilla" classname="ohtu.verkkokauppa.KauppaTest" time="0.002"/>
  <testcase name="kauppaPyytääUudenViiteumeronJokaiselleMaksutapahtumalle" classname="ohtu.verkkokauppa.KauppaTest" time="0.006"/>
  <testcase name="ostoksenPaaytyttyaPankinMetodiaTilisiirtoKutsutaanOikeillaArvoillaKunYksiTuotteistaOnLoppu" classname="ohtu.verkkokauppa.KauppaTest" time="0.003"/>
  <testcase name="ostoksenPaaytyttyaPankinMetodiaTilisiirtoKutsutaanOikeillaArvoillaKunTuotteetOvatEri" classname="ohtu.verkkokauppa.KauppaTest" time="0.002"/>
  <testcase name="asionninAloittaminenNollaaEdellisenOstoksenTiedot" classname="ohtu.verkkokauppa.KauppaTest" time="0.003"/>
  <system-out><![CDATA[]]></system-out>
  <system-err><![CDATA[]]></system-err>
</testsuite>
